
=== Thu Oct 22 16:34:48 2020

Packages were changed.
Update Mode: updateDependencies

The following packages were added:
  com.unity.2d.sprite@1.0.0
  com.unity.2d.tilemap@1.0.0
  com.unity.ide.rider@1.1.4
  com.unity.ide.vscode@1.2.1
  com.unity.modules.androidjni@1.0.0
  com.unity.test-framework@1.1.16
  com.unity.ugui@1.0.0
The following packages were updated:
  com.unity.timeline from version 1.0.0 to 1.2.6
  com.unity.xr.oculus.standalone from version 1.38.4 to 2.38.4
  com.unity.xr.openvr.standalone from version 1.0.5 to 2.0.5
The following packages were removed:
  com.unity.package-manager-ui@2.1.2

=== Tue Nov  3 09:34:18 2020

Packages were changed.
Update Mode: updateDependencies

The following packages were updated:
  com.unity.purchasing from version 2.0.6 to 2.1.0
